Case 1:
p 1
p 1
p 1
r 2
r 2
r 2
r 2
r 2
b 2
b 2
b 2
b 2
b 2
b 2
b 2
b 2
b 2
w 2
f 2
f 2
f 2
f 2
a 2
a 2
a 2
a 2
a 1
a 1
a 2
a 2
a 2
a 2
c 2
c 2
o 2
o 2
o 2
o 2
o 2
o 2
o 2
o 2
o 2
o 3
o 2
o 2
o 2
c 1
h 2
h 2
h 3
h 3
h 2
h 2
h 2
h 2
h 2
h 2
w 2
h 2
w 2
k 2
a 1
a 1
a 1
a 1
a 1
a 1
k 2
k 2
c 2
c 2
c 2
c 2
c 1
c 1
c 1
w 2
w 3
w 3
w 3
w 3
w 3
w 3
e 2
e 2
n 2
c 2
c 2
c 2
c 2
c 3
c 2
c 2
n 3
c 2
c 2
f 2
f 2
f 2
Case 2:
p 1
p 1
r 1
r 2
o 1
g 1
d 1
b 1
b 2
b 1
t 1
t 1
f 1
f 1
o 1
m 1
a 1
a 1
f 1
f 1
w 1
k 1
a 1
a 1
c 1
c 1
e 1
e 1
a 1
a 1
c 1
c 1
m 1
m 1
o 1
k 1
b 1
b 1
j 1
d 1
d 1
e 1
e 1
h 1
o 1
c 1
c 1
f 1
f 1
h 1
h 1
h 1
k 1
k 1
s 1
r 1
o 1
e 1
e 1
h 1
h 1
i 1
a 1
a 1
c 1
c 1
s 1
y 1
k 1
k 1
c 1
c 1
h 1
f 1
f 1
g 1
e 1
e 1
w 2
b 1
b 1
e 1
c 1
c 1
h 1
n 1
n 2
c 1
c 1
y 2
u 1
c 1
c 1
f 1
f 1
n 1
f 1
f 1
q 1
s 1
