Case 1:
kn 1
l 1
r 1
fwvdjgxm 1
svrwjktn 1
ug 1
n 1
rd 1
a 1
tsmgqvfg 1
svrwjktn 1
ar 1
fota 1
l 1
ar 1
vhjmhrol 1
j 1
ar 1
v 1
svrwjktn 1
fncn 1
pkcnowza 1
r 1
dumy 1
cyzg 1
n 1
oynf 1
wz 1
v 1
v 1
p 1
ptyachgz 1
uxkznucg 1
kdfc 1
zm 1
ya 1
kkxvzqwd 1
l 1
gj 1
htte 1
a 1
dhyl 1
l 1
j 1
bj 1
m 1
m 1
svrwjktn 1
v 1
dfbxalkh 1
ar 1
kjmw 1
svrwjktn 1
ar 1
mndojflm 1
qm 1
ppbq 1
Case 2:
kn 1
kn 1
l 1
fwvdjgxm 1
fwvdjgxm 1
svrwjktn 1
n 1
n 1
a 1
a 1
svrwjktn 1
ar 1
ar 1
fota 1
ar 1
ar 1
j 1
ar 1
ar 1
svrwjktn 1
fncn 1
fncn 1
pkcnowza 1
dumy 1
cyzg 1
cyzg 1
n 1
oynf 1
v 1
v 2
p 1
p 1
ptyachgz 1
kdfc 1
kdfc 1
ya 1
kkxvzqwd 1
kkxvzqwd 1
gj 1
gj 1
a 1
a 1
dhyl 1
j 1
bj 1
bj 1
m 2
m 1
svrwjktn 1
dfbxalkh 1
ar 1
ar 1
kjmw 1
ar 1
ar 1
mndojflm 1
ppbq 1
Case 3:
kn 1
kn 1
kn 1
fwvdjgxm 1
fwvdjgxm 1
fwvdjgxm 1
fwvdjgxm 1
n 1
a 1
a 1
a 1
a 1
ar 1
ar 1
ar 2
ar 1
ar 1
ar 2
ar 1
ar 1
ar 1
fncn 1
fncn 1
dumy 1
cyzg 1
cyzg 1
cyzg 1
cyzg 1
n 1
v 2
v 2
v 2
p 1
kdfc 1
kdfc 1
kdfc 1
kdfc 1
kkxvzqwd 1
gj 1
gj 1
a 1
a 1
a 1
a 1
bj 1
bj 1
m 2
m 2
m 2
dfbxalkh 1
ar 1
ar 1
ar 1
ar 2
ar 1
ar 1
ar 1
Case 4:
kn 1
kn 1
kn 1
fwvdjgxm 1
fwvdjgxm 1
fwvdjgxm 1
fwvdjgxm 1
fwvdjgxm 1
a 1
a 1
svrwjktn 2
svrwjktn 2
a 1
a 1
ar 2
ar 2
ar 2
ar 3
ar 3
ar 2
ar 2
ar 2
ar 1
ar 1
ar 1
cyzg 1
cyzg 1
cyzg 1
cyzg 1
v 2
v 2
v 2
v 2
v 2
v 2
v 2
kdfc 1
kdfc 1
gj 1
gj 1
a 1
a 1
l 2
l 2
l 2
a 1
m 2
m 2
m 2
m 2
m 2
m 2
m 2
ar 2
ar 2
ar 2
ar 2
